INFO    : PreTeXt-CLI version: 2.3.9

INFO    : PreTeXt project found in `C:\Users\johnsor\OneDrive - grace.edu\lin-g`.
WARNING : Using CLI version 2.3.9 but project's `requirements.txt`
WARNING : is configured to use 1.7.4. Consider either installing
WARNING : CLI version 1.7.4 or running `pretext init --refresh`
WARNING : to update `requirements.txt` to match 2.3.9.
INFO    : Building with custom xsl C:\Users\johnsor\OneDrive - grace.edu\lin-g\xsl\html.xsl
INFO    : Preparing to build into C:\Users\johnsor\OneDrive - grace.edu\lin-g\output\html.
INFO    : discovering source file's directory name: C:\Users\johnsor\OneDrive - grace.edu\lin-g\src
INFO    : verifying and expanding input directory: C:\Users\johnsor\OneDrive - grace.edu\lin-g\src\../generated-assets
INFO    : input directory expanded to absolute path: C:\Users\johnsor\OneDrive - grace.edu\lin-g\generated-assets
INFO    : verifying and expanding input directory: C:\Users\johnsor\OneDrive - grace.edu\lin-g\src\../assets
INFO    : input directory expanded to absolute path: C:\Users\johnsor\OneDrive - grace.edu\lin-g\assets
INFO    : Runestone Services (via PreTeXt repository): version 7.2.9
INFO    : Runestone Services (using newer, via online CDN query): version 7.2.12
INFO    : converting C:\Users\johnsor\OneDrive - grace.edu\lin-g\src\ula.xml to HTML in C:\Users\johnsor\AppData\Local\Temp\tmp15klbfq1
INFO    : XSL conversion of C:\Users\johnsor\OneDrive - grace.edu\lin-g\src\ula.xml by C:\Users\johnsor\AppData\Local\Temp\tmp485x6nr9\html.xsl
INFO    : comprehensive messages, warnings, and errors:
INFO    :     * PTX:WARNING: the stringparam "latex.pageref" is deprecated. Your value, "no" will be used. However you should move to using a publisher file entry for  $publication/latex/@pageref  instead.
INFO    :     * PTX:DEPRECATE: (2023-08-08) a "website" element with "address" and "name" children has changed.  Continue to use the "website" element as before, but replace the "address" and "name" children with a single "url" element, which is more flexible and reliable.  We will try to honor your intent, but you may prefer your own adjustments. (1 time)
INFO    :     *              located within: "frontmatter" (xml:id), "Front Matter" (title)
INFO    :     * --------------
INFO    :     * PTX:DEPRECATE: (2022-10-24) the  latex.font.size  parameter has been replaced by the  latex/@font-size  entry in the publication file.   We will attempt to honor your intent.  Note that possible values are the same, but you no longer provide "pt" as the unit of measure.
INFO    :     * --------------
INFO    :     * PTX:DEPRECATE: (2022-10-24) the  latex.pageref string parameter has been replaced by the  latex/@pageref  entry in the publication file.  We will attempt to honor your intent.
INFO    :     * --------------
INFO    :     * PTX:DEPRECATE: (2022-11-19) the  webwork.divisional.static  string parameter has been replaced by a publication file entry.  We will try to honor your intent.
INFO    :     * --------------
INFO    : successful application of C:\Users\johnsor\AppData\Local\Temp\tmp485x6nr9\html.xsl
INFO    : 
Success! Run `pretext view` to see the results.

